\BOOKMARK [1][-]{section.1}{Fundamentels}{}% 1
\BOOKMARK [2][-]{subsection.1.1}{Paving}{section.1}% 2
\BOOKMARK [2][-]{subsection.1.2}{Algebra}{section.1}% 3
\BOOKMARK [2][-]{subsection.1.3}{sigma-algebras}{section.1}% 4
\BOOKMARK [2][-]{subsection.1.4}{Borel Sigma algebra}{section.1}% 5
\BOOKMARK [2][-]{subsection.1.5}{Important distributions}{section.1}% 6
\BOOKMARK [1][-]{section.2}{Lecture 1}{}% 7
\BOOKMARK [2][-]{subsection.2.1}{lebesgue m\345let}{section.2}% 8
\BOOKMARK [2][-]{subsection.2.2}{Intergation with respect to a measure}{section.2}% 9
\BOOKMARK [1][-]{section.3}{Lecture 2}{}% 10
\BOOKMARK [2][-]{subsection.3.1}{Product Algebra}{section.3}% 11
\BOOKMARK [2][-]{subsection.3.2}{Measurability of intergrals}{section.3}% 12
\BOOKMARK [2][-]{subsection.3.3}{Measurable maps}{section.3}% 13
\BOOKMARK [2][-]{subsection.3.4}{Product measures}{section.3}% 14
\BOOKMARK [1][-]{section.4}{Lecture 3}{}% 15
\BOOKMARK [2][-]{subsection.4.1}{Integration of a product measure}{section.4}% 16
\BOOKMARK [1][-]{section.5}{Lecture 4}{}% 17
\BOOKMARK [2][-]{subsection.5.1}{Intergration with respect ot image measures}{section.5}% 18
\BOOKMARK [2][-]{subsection.5.2}{Translation invariance}{section.5}% 19
\BOOKMARK [1][-]{section.6}{Lecture 6}{}% 20
\BOOKMARK [2][-]{subsection.6.1}{Measures with density}{section.6}% 21
\BOOKMARK [2][-]{subsection.6.2}{Transformation of densitys}{section.6}% 22
\BOOKMARK [1][-]{section.7}{Lecture 7}{}% 23
\BOOKMARK [2][-]{subsection.7.1}{Expectations}{section.7}% 24
\BOOKMARK [1][-]{section.8}{Descriptive theory: Quantiles}{}% 25
\BOOKMARK [1][-]{section.9}{Lecture 10}{}% 26
\BOOKMARK [2][-]{subsection.9.1}{Independence}{section.9}% 27
\BOOKMARK [1][-]{section.10}{Lecture 13}{}% 28
\BOOKMARK [1][-]{section.11}{Exam 2012/2013}{}% 29
\BOOKMARK [2][-]{subsection.11.1}{Problem 1}{section.11}% 30
\BOOKMARK [2][-]{subsection.11.2}{Problem 2}{section.11}% 31
\BOOKMARK [2][-]{subsection.11.3}{Problem 3}{section.11}% 32
\BOOKMARK [1][-]{section.12}{Problem 4}{}% 33
\BOOKMARK [1][-]{section.13}{Reexam 2012/2013}{}% 34
\BOOKMARK [2][-]{subsection.13.1}{Problem 1}{section.13}% 35
\BOOKMARK [2][-]{subsection.13.2}{Problem 2}{section.13}% 36
\BOOKMARK [2][-]{subsection.13.3}{Problem 3}{section.13}% 37
\BOOKMARK [2][-]{subsection.13.4}{Problem 4}{section.13}% 38
\BOOKMARK [2][-]{subsection.13.5}{Problem 5}{section.13}% 39
\BOOKMARK [1][-]{section.14}{Exam 2013/2014}{}% 40
\BOOKMARK [2][-]{subsection.14.1}{Problem 1}{section.14}% 41
\BOOKMARK [2][-]{subsection.14.2}{Problem 2}{section.14}% 42
\BOOKMARK [2][-]{subsection.14.3}{Problem 3}{section.14}% 43
